FBLAMobile/Library/Bee/Android/Prj/Mono2x/Gradle/launcher/build/intermediates/manifest_merge_blame_file/release/manifest-merger-blame-release-report.txt
1<?xml version="1.0" encoding="utf-8"?>
2<manifest xmlns:android="http://schemas.android.com/apk/res/android"
3    package="com.DefaultCompany.com.unity.template.mobile2D"
4    android:installLocation="preferExternal"
5    android:versionCode="1"
6    android:versionName="1.1.0" >
7
8    <uses-sdk
9        android:minSdkVersion="22"
9-->src\main\AndroidManifest.xml
10        android:targetSdkVersion="30" />
10-->src\main\AndroidManifest.xml
11
12    <supports-screens
12-->src\main\AndroidManifest.xml:3:3-163
13        android:anyDensity="true"
13-->src\main\AndroidManifest.xml:3:135-160
14        android:largeScreens="true"
14-->src\main\AndroidManifest.xml:3:78-105
15        android:normalScreens="true"
15-->src\main\AndroidManifest.xml:3:49-77
16        android:smallScreens="true"
16-->src\main\AndroidManifest.xml:3:21-48
17        android:xlargeScreens="true" />
17-->src\main\AndroidManifest.xml:3:106-134
18
19    <uses-feature android:glEsVersion="0x00030000" />
19-->[:unityLibrary] AndroidManifest.xml:12:5-54
19-->[:unityLibrary] AndroidManifest.xml:12:19-51
20    <uses-feature
20-->[:unityLibrary] AndroidManifest.xml:13:5-15:36
21        android:name="android.hardware.vulkan.version"
21-->[:unityLibrary] AndroidManifest.xml:14:9-55
22        android:required="false" />
22-->[:unityLibrary] AndroidManifest.xml:15:9-33
23
24    <uses-permission android:name="android.permission.INTERNET" />
24-->[:unityLibrary] AndroidManifest.xml:17:5-67
24-->[:unityLibrary] AndroidManifest.xml:17:22-64
25    <uses-permission android:name="android.permission.ACCESS_NETWORK_STATE" />
25-->[:unityLibrary] AndroidManifest.xml:18:5-79
25-->[:unityLibrary] AndroidManifest.xml:18:22-76
26
27    <uses-feature
27-->[:unityLibrary] AndroidManifest.xml:20:5-22:36
28        android:name="android.hardware.touchscreen"
28-->[:unityLibrary] AndroidManifest.xml:21:9-52
29        android:required="false" />
29-->[:unityLibrary] AndroidManifest.xml:22:9-33
30    <uses-feature
30-->[:unityLibrary] AndroidManifest.xml:23:5-25:36
31        android:name="android.hardware.touchscreen.multitouch"
31-->[:unityLibrary] AndroidManifest.xml:24:9-63
32        android:required="false" />
32-->[:unityLibrary] AndroidManifest.xml:25:9-33
33    <uses-feature
33-->[:unityLibrary] AndroidManifest.xml:26:5-28:36
34        android:name="android.hardware.touchscreen.multitouch.distinct"
34-->[:unityLibrary] AndroidManifest.xml:27:9-72
35        android:required="false" />
35-->[:unityLibrary] AndroidManifest.xml:28:9-33
36
37    <uses-permission android:name="android.permission.POST_NOTIFICATIONS" />
37-->[:unityLibrary] AndroidManifest.xml:30:5-77
37-->[:unityLibrary] AndroidManifest.xml:30:22-74
38    <uses-permission android:name="android.permission.READ_EXTERNAL_STORAGE" />
38-->[:NativeFilePicker:] AndroidManifest.xml:4:2-98
38-->[:NativeFilePicker:] AndroidManifest.xml:4:19-74
39    <uses-permission android:name="android.permission.WRITE_EXTERNAL_STORAGE" />
39-->[:NativeFilePicker:] AndroidManifest.xml:5:2-99
39-->[:NativeFilePicker:] AndroidManifest.xml:5:19-75
40
41    <application
41-->src\main\AndroidManifest.xml:4:3-126
42        android:extractNativeLibs="true"
42-->[:unityLibrary] AndroidManifest.xml:32:18-50
43        android:icon="@mipmap/app_icon"
43-->src\main\AndroidManifest.xml:4:49-80
44        android:label="@string/app_name"
44-->src\main\AndroidManifest.xml:4:16-48
45        android:roundIcon="@mipmap/app_icon_round" >
45-->src\main\AndroidManifest.xml:4:81-123
46        <activity
46-->[:unityLibrary] AndroidManifest.xml:33:9-53:20
47            android:name="com.unity3d.player.UnityPlayerActivity"
47-->[:unityLibrary] AndroidManifest.xml:34:13-66
48            android:configChanges="mcc|mnc|locale|touchscreen|keyboard|keyboardHidden|navigation|orientation|screenLayout|uiMode|screenSize|smallestScreenSize|fontScale|layoutDirection|density"
48-->[:unityLibrary] AndroidManifest.xml:35:13-194
49            android:hardwareAccelerated="false"
49-->[:unityLibrary] AndroidManifest.xml:36:13-48
50            android:launchMode="singleTask"
50-->[:unityLibrary] AndroidManifest.xml:37:13-44
51            android:resizeableActivity="false"
51-->[:unityLibrary] AndroidManifest.xml:38:13-47
52            android:screenOrientation="userPortrait"
52-->[:unityLibrary] AndroidManifest.xml:39:13-53
53            android:theme="@style/UnityThemeSelector" >
53-->[:unityLibrary] AndroidManifest.xml:40:13-54
54            <intent-filter>
54-->[:unityLibrary] AndroidManifest.xml:41:13-45:29
55                <action android:name="android.intent.action.MAIN" />
55-->[:unityLibrary] AndroidManifest.xml:42:17-69
55-->[:unityLibrary] AndroidManifest.xml:42:25-66
56
57                <category android:name="android.intent.category.LAUNCHER" />
57-->[:unityLibrary] AndroidManifest.xml:44:17-77
57-->[:unityLibrary] AndroidManifest.xml:44:27-74
58            </intent-filter>
59
60            <meta-data
60-->[:unityLibrary] AndroidManifest.xml:47:13-49:40
61                android:name="unityplayer.UnityActivity"
61-->[:unityLibrary] AndroidManifest.xml:48:17-57
62                android:value="true" />
62-->[:unityLibrary] AndroidManifest.xml:49:17-37
63            <meta-data
63-->[:unityLibrary] AndroidManifest.xml:50:13-52:40
64                android:name="android.notch_support"
64-->[:unityLibrary] AndroidManifest.xml:51:17-53
65                android:value="true" />
65-->[:unityLibrary] AndroidManifest.xml:52:17-37
66        </activity>
67
68        <meta-data
68-->[:unityLibrary] AndroidManifest.xml:55:9-57:33
69            android:name="unity.splash-mode"
69-->[:unityLibrary] AndroidManifest.xml:56:13-45
70            android:value="0" />
70-->[:unityLibrary] AndroidManifest.xml:57:13-30
71        <meta-data
71-->[:unityLibrary] AndroidManifest.xml:58:9-60:36
72            android:name="unity.splash-enable"
72-->[:unityLibrary] AndroidManifest.xml:59:13-47
73            android:value="True" />
73-->[:unityLibrary] AndroidManifest.xml:60:13-33
74        <meta-data
74-->[:unityLibrary] AndroidManifest.xml:61:9-63:36
75            android:name="unity.launch-fullscreen"
75-->[:unityLibrary] AndroidManifest.xml:62:13-51
76            android:value="True" />
76-->[:unityLibrary] AndroidManifest.xml:63:13-33
77        <meta-data
77-->[:unityLibrary] AndroidManifest.xml:64:9-66:37
78            android:name="unity.allow-resizable-window"
78-->[:unityLibrary] AndroidManifest.xml:65:13-56
79            android:value="False" />
79-->[:unityLibrary] AndroidManifest.xml:66:13-34
80        <meta-data
80-->[:unityLibrary] AndroidManifest.xml:67:9-69:50
81            android:name="notch.config"
81-->[:unityLibrary] AndroidManifest.xml:68:13-40
82            android:value="portrait|landscape" />
82-->[:unityLibrary] AndroidManifest.xml:69:13-47
83
84        <receiver
84-->[:unityLibrary] AndroidManifest.xml:71:9-73:40
85            android:name="com.unity.androidnotifications.UnityNotificationManager"
85-->[:unityLibrary] AndroidManifest.xml:72:13-83
86            android:exported="false" />
86-->[:unityLibrary] AndroidManifest.xml:73:13-37
87        <receiver
87-->[:unityLibrary] AndroidManifest.xml:74:9-81:20
88            android:name="com.unity.androidnotifications.UnityNotificationRestartOnBootReceiver"
88-->[:unityLibrary] AndroidManifest.xml:75:13-97
89            android:enabled="false"
89-->[:unityLibrary] AndroidManifest.xml:76:13-36
90            android:exported="false" >
90-->[:unityLibrary] AndroidManifest.xml:77:13-37
91            <intent-filter>
91-->[:unityLibrary] AndroidManifest.xml:78:13-80:29
92                <action android:name="android.intent.action.BOOT_COMPLETED" />
92-->[:unityLibrary] AndroidManifest.xml:79:17-79
92-->[:unityLibrary] AndroidManifest.xml:79:25-76
93            </intent-filter>
94        </receiver>
95
96        <meta-data
96-->[:unityLibrary] AndroidManifest.xml:83:9-85:33
97            android:name="com.unity.androidnotifications.exact_scheduling"
97-->[:unityLibrary] AndroidManifest.xml:84:13-75
98            android:value="0" />
98-->[:unityLibrary] AndroidManifest.xml:85:13-30
99    </application>
100
101</manifest>